0 info it worked if it ends with ok
1 verbose cli [ 'c:\\Program Files\\nodejs\\node.exe',
1 verbose cli   'c:\\Program Files\\nodejs\\node_modules\\npm\\bin\\npm-cli.js',
1 verbose cli   'run',
1 verbose cli   'test:single' ]
2 info using npm@3.10.3
3 info using node@v6.3.1
4 verbose run-script [ 'pretest:single', 'test:single', 'posttest:single' ]
5 info lifecycle good-games@1.3.0~pretest:single: good-games@1.3.0
6 silly lifecycle good-games@1.3.0~pretest:single: no script for pretest:single, continuing
7 info lifecycle good-games@1.3.0~test:single: good-games@1.3.0
8 verbose lifecycle good-games@1.3.0~test:single: unsafe-perm in lifecycle true
9 verbose lifecycle good-games@1.3.0~test:single: PATH: C:\Program Files\nodejs\node_modules\npm\bin\node-gyp-bin;C:\Users\PNyakoojo\Desktop\Review2\Misc\How to write a javascript library\custom-lib\node_modules\.bin;c:\Program Files\nodejs;C:\Users\PNyakoojo\Desktop\Review2\Misc\How to write a javascript library\custom-lib\node_modules\.bin;C:\Program Files (x86)\git\libexec\git-core;C:\Program Files (x86)\git\bin;C:\Program Files (x86)\git\bin;C:\Program Files (x86)\git\mingw\bin;c:\Program Files (x86)\NVIDIA Corporation\PhysX\Common;c:\ProgramData\Oracle\Java\javapath;c:\Program Files (x86)\Cuminas\Document Express DjVu Plug-in\;c:\MinGW\bin;c:\MinGW\libexec\gcc\x86_64-pc-mingw32\4.7.0;c:\Program Files (x86)\Intel\iCLS Client\;c:\Program Files\Intel\iCLS Client\;c:\windows\system32;c:\windows;c:\windows\System32\Wbem;c:\windows\System32\WindowsPowerShell\v1.0\;c:\Program Files\Intel\Intel(R) Management Engine Components\DAL;c:\Program Files\Intel\Intel(R) Management Engine Components\IPT;c:\Program Files (x86)\Intel\Intel(R) Management Engine Components\DAL;c:\Program Files (x86)\Intel\Intel(R) Management Engine Components\IPT;c:\Program Files (x86)\Intel\OpenCL SDK\2.0\bin\x86;c:\Program Files (x86)\Intel\OpenCL SDK\2.0\bin\x64;c:\Program Files (x86)\Microsoft SQL Server\100\Tools\Binn\;c:\Program Files\Microsoft SQL Server\100\Tools\Binn\;c:\Program Files\Microsoft SQL Server\100\DTS\Binn\;c:\WINDOWS\system32;c:\WINDOWS;c:\WINDOWS\System32\Wbem;c:\WINDOWS\System32\WindowsPowerShell\v1.0\;c:\Program Files\Microsoft SQL Server\110\Tools\Binn\;c:\opencv\build\x86\vc10\bin;c:\Program Files (x86)\PrimeSense\NITE\bin;c:\Program Files\Common Files\Autodesk Shared\;c:\Program Files (x86)\Autodesk\Backburner\;c:\Program Files (x86)\OpenNI\Bin;c:\Program Files\MATLAB\R2014a\bin;c:\Program Files (x86)\Windows Live\Shared;c:\Program Files\Google\Cloud SDK\google-cloud-sdk\bin;c:\Program Files\Java\jdk1.7.0_45\bin;c:\mysql\bin;c:\Program Files (x86)\QuickTime\QTSystem\;c:\Program Files (x86)\Heroku\bin;C:\Program Files (x86)\git\cmd;c:\Program Files\TortoiseHg\;c:\python27_x64;c:\Program Files (x86)\CodeBlocks\MinGW\bin;c:\MinGW\msys\1.0\bin\;c:\Program Files (x86)\Skype\Phone\;c:\WINDOWS\system32;c:\WINDOWS;c:\WINDOWS\System32\Wbem;c:\WINDOWS\System32\WindowsPowerShell\v1.0\;c:\Go\bin;c:\Program Files\Microsoft\Web Platform Installer\;c:\Program Files (x86)\Microsoft SDKs\Azure\CLI\wbin;c:\Program Files (x86)\GtkSharp\2.12\bin;c:\Users\PNyakoojo\.dnx\bin;c:\Program Files\Microsoft DNX\Dnvm\;c:\Program Files\Microsoft SQL Server\130\Tools\Binn\;c:\Program Files (x86)\Windows Kits\10\Windows Performance Toolkit\;c:\Program Files\Git\cmd;c:\Program Files\nodejs\;c:\Ruby23-x64\bin;c:\Program Files\Apache Software Foundation\apache-maven-3.2.3\bin;c:\Program Files\Boot2Docker for Windows;c:\Users\PNyakoojo\AppData\Roaming\npm
10 verbose lifecycle good-games@1.3.0~test:single: CWD: C:\Users\PNyakoojo\Desktop\Review2\Misc\How to write a javascript library\custom-lib
11 silly lifecycle good-games@1.3.0~test:single: Args: [ '/d /s /c', 'mocha src/index.test.js' ]
12 silly lifecycle good-games@1.3.0~test:single: Returned: code: 1  signal: null
13 info lifecycle good-games@1.3.0~test:single: Failed to exec test:single script
14 verbose stack Error: good-games@1.3.0 test:single: `mocha src/index.test.js`
14 verbose stack Exit status 1
14 verbose stack     at EventEmitter.<anonymous> (C:\Program Files\nodejs\node_modules\npm\lib\utils\lifecycle.js:242:16)
14 verbose stack     at emitTwo (events.js:106:13)
14 verbose stack     at EventEmitter.emit (events.js:191:7)
14 verbose stack     at ChildProcess.<anonymous> (C:\Program Files\nodejs\node_modules\npm\lib\utils\spawn.js:40:14)
14 verbose stack     at emitTwo (events.js:106:13)
14 verbose stack     at ChildProcess.emit (events.js:191:7)
14 verbose stack     at maybeClose (internal/child_process.js:852:16)
14 verbose stack     at Process.ChildProcess._handle.onexit (internal/child_process.js:215:5)
15 verbose pkgid good-games@1.3.0
16 verbose cwd C:\Users\PNyakoojo\Desktop\Review2\Misc\How to write a javascript library\custom-lib
17 error Windows_NT 10.0.10586
18 error argv "c:\\Program Files\\nodejs\\node.exe" "c:\\Program Files\\nodejs\\node_modules\\npm\\bin\\npm-cli.js" "run" "test:single"
19 error node v6.3.1
20 error npm  v3.10.3
21 error code ELIFECYCLE
22 error good-games@1.3.0 test:single: `mocha src/index.test.js`
22 error Exit status 1
23 error Failed at the good-games@1.3.0 test:single script 'mocha src/index.test.js'.
23 error Make sure you have the latest version of node.js and npm installed.
23 error If you do, this is most likely a problem with the good-games package,
23 error not with npm itself.
23 error Tell the author that this fails on your system:
23 error     mocha src/index.test.js
23 error You can get information on how to open an issue for this project with:
23 error     npm bugs good-games
23 error Or if that isn't available, you can get their info via:
23 error     npm owner ls good-games
23 error There is likely additional logging output above.
24 verbose exit [ 1, true ]
